<?xml version="1.0" encoding="UTF-8"?>
<testng-results ignored="0" total="2" passed="2" failed="0" skipped="0">
  <reporter-output>
  </reporter-output>
  <suite started-at="2025-09-28T21:03:36 IST" name="Default suite" finished-at="2025-09-28T21:03:40 IST" duration-ms="3494">
    <groups>
    </groups>
    <test started-at="2025-09-28T21:03:36 IST" name="Default test" finished-at="2025-09-28T21:03:40 IST" duration-ms="3494">
      <class name="GetApis.GetAPIRequestTest">
        <test-method signature="geWeatherUsingQueryParams()[pri:0, instance:GetApis.GetAPIRequestTest@1a482e36]" started-at="2025-09-28T21:03:36 IST" name="geWeatherUsingQueryParams" finished-at="2025-09-28T21:03:39 IST" duration-ms="2678" status="PASS">
          <reporter-output>
          </reporter-output>
        </test-method> <!-- geWeatherUsingQueryParams -->
        <test-method signature="getUsers()[pri:0, instance:GetApis.GetAPIRequestTest@1a482e36]" started-at="2025-09-28T21:03:39 IST" name="getUsers" finished-at="2025-09-28T21:03:40 IST" duration-ms="763" status="PASS">
          <reporter-output>
          </reporter-output>
        </test-method> <!-- getUsers -->
      </class> <!-- GetApis.GetAPIRequestTest -->
    </test> <!-- Default test -->
  </suite> <!-- Default suite -->
</testng-results>
